<?xml version="1.0" encoding="UTF-8"?>
<!-- Generated by org.testng.reporters.JUnitReportReporter -->
<testsuite hostname="kubernetes-worker" failures="0" tests="2" name="MyTestDemo" time="51.886" errors="0" timestamp="2023-05-27T23:02:21 CET" skipped="0">
  <testcase classname="MyTestDemo" name="navigation_FeatureTest" time="23.794"/>
  <testcase classname="MyTestDemo" name="navigationTest" time="28.092"/>
</testsuite> <!-- MyTestDemo -->
